# JRE version: OpenJDK Runtime Environment Temurin-21.0.10+7 (21.0.10+7) (build 21.0.10+7-LTS)
# Java VM: OpenJDK 64-Bit Server VM Temurin-21.0.10+7 (21.0.10+7-LTS, mixed mode, sharing, tiered, compressed oops, compressed class ptrs, parallel gc, windows-amd64)
GC Precious Log:
 CardTable entry size: 512
 CPUs: 8 total, 8 available
 Memory: 7834M
 Large Page Support: Disabled
 NUMA Support: Disabled
 Compressed Oops: Enabled (32-bit)
 Alignments: Space 512K, Generation 512K, Heap 2M
 Heap Min Capacity: 100M
 Heap Initial Capacity: 100M
 Heap Max Capacity: 2G
 Pre-touch: Disabled
 Parallel Workers: 8
Heap:
 PSYoungGen      total 5120K, used 4518K [0x00000000d5580000, 0x00000000d5c80000, 0x0000000100000000)
  eden space 4608K, 91% used [0x00000000d5580000,0x00000000d5999930,0x00000000d5a00000)
  from space 512K, 62% used [0x00000000d5c00000,0x00000000d5c50000,0x00000000d5c80000)
  to   space 512K, 0% used [0x00000000d5b80000,0x00000000d5b80000,0x00000000d5c00000)
 ParOldGen       total 892928K, used 892876K [0x0000000080000000, 0x00000000b6800000, 0x00000000d5580000)
  object space 892928K, 99% used [0x0000000080000000,0x00000000b67f31f0,0x00000000b6800000)
 Metaspace       used 102717K, committed 104512K, reserved 1179648K
  class space    used 9941K, committed 10816K, reserved 1048576K
GC Heap History (20 events):
Event: 256020.659 GC heap before
{Heap before GC invocations=24261 (full 18):
 PSYoungGen      total 5632K, used 5482K [0x00000000d5580000, 0x00000000d5c00000, 0x0000000100000000)
  eden space 4608K, 100% used [0x00000000d5580000,0x00000000d5a00000,0x00000000d5a00000)
  from space 1024K, 85% used [0x00000000d5b00000,0x00000000d5bda910,0x00000000d5c00000)
  to   space 1024K, 0% used [0x00000000d5a00000,0x00000000d5a00000,0x00000000d5b00000)
 ParOldGen       total 886784K, used 886345K [0x0000000080000000, 0x00000000b6200000, 0x00000000d5580000)
  object space 886784K, 99% used [0x0000000080000000,0x00000000b6192440,0x00000000b6200000)
 Metaspace       used 102714K, committed 104512K, reserved 1179648K
  class space    used 9941K, committed 10816K, reserved 1048576K
}
Event: 256020.663 GC heap after
{Heap after GC invocations=24261 (full 18):
 PSYoungGen      total 5632K, used 906K [0x00000000d5580000, 0x00000000d5c00000, 0x0000000100000000)
  eden space 4608K, 0% used [0x00000000d5580000,0x00000000d5580000,0x00000000d5a00000)
  from space 1024K, 88% used [0x00000000d5a00000,0x00000000d5ae2930,0x00000000d5b00000)
  to   space 1024K, 0% used [0x00000000d5b00000,0x00000000d5b00000,0x00000000d5c00000)
 ParOldGen       total 887296K, used 887075K [0x0000000080000000, 0x00000000b6280000, 0x00000000d5580000)
  object space 887296K, 99% used [0x0000000080000000,0x00000000b6248c20,0x00000000b6280000)
 Metaspace       used 102714K, committed 104512K, reserved 1179648K
  class space    used 9941K, committed 10816K, reserved 1048576K
}
Event: 256021.908 GC heap before
{Heap before GC invocations=24262 (full 18):
 PSYoungGen      total 5632K, used 5514K [0x00000000d5580000, 0x00000000d5c00000, 0x0000000100000000)
  eden space 4608K, 100% used [0x00000000d5580000,0x00000000d5a00000,0x00000000d5a00000)
  from space 1024K, 88% used [0x00000000d5a00000,0x00000000d5ae2930,0x00000000d5b00000)
  to   space 1024K, 0% used [0x00000000d5b00000,0x00000000d5b00000,0x00000000d5c00000)
 ParOldGen       total 887296K, used 887075K [0x0000000080000000, 0x00000000b6280000, 0x00000000d5580000)
  object space 887296K, 99% used [0x0000000080000000,0x00000000b6248c20,0x00000000b6280000)
 Metaspace       used 102714K, committed 104512K, reserved 1179648K
  class space    used 9941K, committed 10816K, reserved 1048576K
}
Event: 256021.910 GC heap after
{Heap after GC invocations=24262 (full 18):
 PSYoungGen      total 5632K, used 330K [0x00000000d5580000, 0x00000000d5c00000, 0x0000000100000000)
  eden space 4608K, 0% used [0x00000000d5580000,0x00000000d5580000,0x00000000d5a00000)
  from space 1024K, 32% used [0x00000000d5b00000,0x00000000d5b52910,0x00000000d5c00000)
  to   space 1024K, 0% used [0x00000000d5a00000,0x00000000d5a00000,0x00000000d5b00000)
 ParOldGen       total 887808K, used 887696K [0x0000000080000000, 0x00000000b6300000, 0x00000000d5580000)
  object space 887808K, 99% used [0x0000000080000000,0x00000000b62e4240,0x00000000b6300000)
 Metaspace       used 102714K, committed 104512K, reserved 1179648K
  class space    used 9941K, committed 10816K, reserved 1048576K
}
Event: 256021.915 GC heap before
{Heap before GC invocations=24263 (full 18):
 PSYoungGen      total 5632K, used 4938K [0x00000000d5580000, 0x00000000d5c00000, 0x0000000100000000)
  eden space 4608K, 100% used [0x00000000d5580000,0x00000000d5a00000,0x00000000d5a00000)
  from space 1024K, 32% used [0x00000000d5b00000,0x00000000d5b52910,0x00000000d5c00000)
  to   space 1024K, 0% used [0x00000000d5a00000,0x00000000d5a00000,0x00000000d5b00000)
 ParOldGen       total 887808K, used 887696K [0x0000000080000000, 0x00000000b6300000, 0x00000000d5580000)
  object space 887808K, 99% used [0x0000000080000000,0x00000000b62e4240,0x00000000b6300000)
 Metaspace       used 102714K, committed 104512K, reserved 1179648K
  class space    used 9941K, committed 10816K, reserved 1048576K
}
Event: 256021.916 GC heap after
{Heap after GC invocations=24263 (full 18):
 PSYoungGen      total 5632K, used 880K [0x00000000d5580000, 0x00000000d5c00000, 0x0000000100000000)
  eden space 4608K, 0% used [0x00000000d5580000,0x00000000d5580000,0x00000000d5a00000)
  from space 1024K, 85% used [0x00000000d5a00000,0x00000000d5adc030,0x00000000d5b00000)
  to   space 1024K, 0% used [0x00000000d5b00000,0x00000000d5b00000,0x00000000d5c00000)
 ParOldGen       total 888320K, used 887866K [0x0000000080000000, 0x00000000b6380000, 0x00000000d5580000)
  object space 888320K, 99% used [0x0000000080000000,0x00000000b630ea28,0x00000000b6380000)
 Metaspace       used 102714K, committed 104512K, reserved 1179648K
  class space    used 9941K, committed 10816K, reserved 1048576K
}
Event: 256021.922 GC heap before
{Heap before GC invocations=24264 (full 18):
 PSYoungGen      total 5632K, used 5488K [0x00000000d5580000, 0x00000000d5c00000, 0x0000000100000000)
  eden space 4608K, 100% used [0x00000000d5580000,0x00000000d5a00000,0x00000000d5a00000)
  from space 1024K, 85% used [0x00000000d5a00000,0x00000000d5adc030,0x00000000d5b00000)
  to   space 1024K, 0% used [0x00000000d5b00000,0x00000000d5b00000,0x00000000d5c00000)
 ParOldGen       total 888320K, used 887866K [0x0000000080000000, 0x00000000b6380000, 0x00000000d5580000)
  object space 888320K, 99% used [0x0000000080000000,0x00000000b630ea28,0x00000000b6380000)
 Metaspace       used 102714K, committed 104512K, reserved 1179648K
  class space    used 9941K, committed 10816K, reserved 1048576K
}
Event: 256021.925 GC heap after
{Heap after GC invocations=24264 (full 18):
 PSYoungGen      total 5632K, used 784K [0x00000000d5580000, 0x00000000d5c00000, 0x0000000100000000)
  eden space 4608K, 0% used [0x00000000d5580000,0x00000000d5580000,0x00000000d5a00000)
  from space 1024K, 76% used [0x00000000d5b00000,0x00000000d5bc4030,0x00000000d5c00000)
  to   space 1024K, 0% used [0x00000000d5a00000,0x00000000d5a00000,0x00000000d5b00000)
 ParOldGen       total 888832K, used 888634K [0x0000000080000000, 0x00000000b6400000, 0x00000000d5580000)
  object space 888832K, 99% used [0x0000000080000000,0x00000000b63cea68,0x00000000b6400000)
 Metaspace       used 102714K, committed 104512K, reserved 1179648K
  class space    used 9941K, committed 10816K, reserved 1048576K
}
Event: 256022.374 GC heap before
{Heap before GC invocations=24265 (full 18):
 PSYoungGen      total 5632K, used 5392K [0x00000000d5580000, 0x00000000d5c00000, 0x0000000100000000)
  eden space 4608K, 100% used [0x00000000d5580000,0x00000000d5a00000,0x00000000d5a00000)
  from space 1024K, 76% used [0x00000000d5b00000,0x00000000d5bc4030,0x00000000d5c00000)
  to   space 1024K, 0% used [0x00000000d5a00000,0x00000000d5a00000,0x00000000d5b00000)
 ParOldGen       total 888832K, used 888634K [0x0000000080000000, 0x00000000b6400000, 0x00000000d5580000)
  object space 888832K, 99% used [0x0000000080000000,0x00000000b63cea68,0x00000000b6400000)
 Metaspace       used 102715K, committed 104512K, reserved 1179648K
  class space    used 9941K, committed 10816K, reserved 1048576K
}
Event: 256022.377 GC heap after
{Heap after GC invocations=24265 (full 18):
 PSYoungGen      total 5632K, used 746K [0x00000000d5580000, 0x00000000d5c00000, 0x0000000100000000)
  eden space 4608K, 0% used [0x00000000d5580000,0x00000000d5580000,0x00000000d5a00000)
  from space 1024K, 72% used [0x00000000d5a00000,0x00000000d5aba910,0x00000000d5b00000)
  to   space 1024K, 0% used [0x00000000d5b00000,0x00000000d5b00000,0x00000000d5c00000)
 ParOldGen       total 889344K, used 889323K [0x0000000080000000, 0x00000000b6480000, 0x00000000d5580000)
  object space 889344K, 99% used [0x0000000080000000,0x00000000b647acb0,0x00000000b6480000)
 Metaspace       used 102715K, committed 104512K, reserved 1179648K
  class space    used 9941K, committed 10816K, reserved 1048576K
}
Event: 256022.383 GC heap before
{Heap before GC invocations=24266 (full 18):
 PSYoungGen      total 5632K, used 5354K [0x00000000d5580000, 0x00000000d5c00000, 0x0000000100000000)
  eden space 4608K, 100% used [0x00000000d5580000,0x00000000d5a00000,0x00000000d5a00000)
  from space 1024K, 72% used [0x00000000d5a00000,0x00000000d5aba910,0x00000000d5b00000)
  to   space 1024K, 0% used [0x00000000d5b00000,0x00000000d5b00000,0x00000000d5c00000)
 ParOldGen       total 889344K, used 889323K [0x0000000080000000, 0x00000000b6480000, 0x00000000d5580000)
  object space 889344K, 99% used [0x0000000080000000,0x00000000b647acb0,0x00000000b6480000)
 Metaspace       used 102715K, committed 104512K, reserved 1179648K
  class space    used 9941K, committed 10816K, reserved 1048576K
}
Event: 256022.385 GC heap after
{Heap after GC invocations=24266 (full 18):
 PSYoungGen      total 5632K, used 784K [0x00000000d5580000, 0x00000000d5c00000, 0x0000000100000000)
  eden space 4608K, 0% used [0x00000000d5580000,0x00000000d5580000,0x00000000d5a00000)
  from space 1024K, 76% used [0x00000000d5b00000,0x00000000d5bc4030,0x00000000d5c00000)
  to   space 1024K, 0% used [0x00000000d5a00000,0x00000000d5a00000,0x00000000d5b00000)
 ParOldGen       total 890368K, used 889991K [0x0000000080000000, 0x00000000b6580000, 0x00000000d5580000)
  object space 890368K, 99% used [0x0000000080000000,0x00000000b6521ec0,0x00000000b6580000)
 Metaspace       used 102715K, committed 104512K, reserved 1179648K
  class space    used 9941K, committed 10816K, reserved 1048576K
}
Event: 256022.392 GC heap before
{Heap before GC invocations=24267 (full 18):
 PSYoungGen      total 5632K, used 5392K [0x00000000d5580000, 0x00000000d5c00000, 0x0000000100000000)
  eden space 4608K, 100% used [0x00000000d5580000,0x00000000d5a00000,0x00000000d5a00000)
  from space 1024K, 76% used [0x00000000d5b00000,0x00000000d5bc4030,0x00000000d5c00000)
  to   space 1024K, 0% used [0x00000000d5a00000,0x00000000d5a00000,0x00000000d5b00000)
 ParOldGen       total 890368K, used 889991K [0x0000000080000000, 0x00000000b6580000, 0x00000000d5580000)
  object space 890368K, 99% used [0x0000000080000000,0x00000000b6521ec0,0x00000000b6580000)
 Metaspace       used 102715K, committed 104512K, reserved 1179648K
  class space    used 9941K, committed 10816K, reserved 1048576K
}
Event: 256022.394 GC heap after
{Heap after GC invocations=24267 (full 18):
 PSYoungGen      total 5632K, used 900K [0x00000000d5580000, 0x00000000d5c00000, 0x0000000100000000)
  eden space 4608K, 0% used [0x00000000d5580000,0x00000000d5580000,0x00000000d5a00000)
  from space 1024K, 87% used [0x00000000d5a00000,0x00000000d5ae1210,0x00000000d5b00000)
  to   space 1024K, 0% used [0x00000000d5b00000,0x00000000d5b00000,0x00000000d5c00000)
 ParOldGen       total 890880K, used 890635K [0x0000000080000000, 0x00000000b6600000, 0x00000000d5580000)
  object space 890880K, 99% used [0x0000000080000000,0x00000000b65c2f10,0x00000000b6600000)
 Metaspace       used 102715K, committed 104512K, reserved 1179648K
  class space    used 9941K, committed 10816K, reserved 1048576K
}
Event: 256022.400 GC heap before
{Heap before GC invocations=24268 (full 18):
 PSYoungGen      total 5632K, used 5508K [0x00000000d5580000, 0x00000000d5c00000, 0x0000000100000000)
  eden space 4608K, 100% used [0x00000000d5580000,0x00000000d5a00000,0x00000000d5a00000)
  from space 1024K, 87% used [0x00000000d5a00000,0x00000000d5ae1210,0x00000000d5b00000)
  to   space 1024K, 0% used [0x00000000d5b00000,0x00000000d5b00000,0x00000000d5c00000)
 ParOldGen       total 890880K, used 890635K [0x0000000080000000, 0x00000000b6600000, 0x00000000d5580000)
  object space 890880K, 99% used [0x0000000080000000,0x00000000b65c2f10,0x00000000b6600000)
 Metaspace       used 102715K, committed 104512K, reserved 1179648K
  class space    used 9941K, committed 10816K, reserved 1048576K
}
Event: 256022.402 GC heap after
{Heap after GC invocations=24268 (full 18):
 PSYoungGen      total 5632K, used 912K [0x00000000d5580000, 0x00000000d5c00000, 0x0000000100000000)
  eden space 4608K, 0% used [0x00000000d5580000,0x00000000d5580000,0x00000000d5a00000)
  from space 1024K, 89% used [0x00000000d5b00000,0x00000000d5be4010,0x00000000d5c00000)
  to   space 1024K, 0% used [0x00000000d5a00000,0x00000000d5a00000,0x00000000d5b00000)
 ParOldGen       total 891904K, used 891400K [0x0000000080000000, 0x00000000b6700000, 0x00000000d5580000)
  object space 891904K, 99% used [0x0000000080000000,0x00000000b6682150,0x00000000b6700000)
 Metaspace       used 102715K, committed 104512K, reserved 1179648K
  class space    used 9941K, committed 10816K, reserved 1048576K
}
Event: 256022.409 GC heap before
{Heap before GC invocations=24269 (full 18):
 PSYoungGen      total 5632K, used 5520K [0x00000000d5580000, 0x00000000d5c00000, 0x0000000100000000)
  eden space 4608K, 100% used [0x00000000d5580000,0x00000000d5a00000,0x00000000d5a00000)
  from space 1024K, 89% used [0x00000000d5b00000,0x00000000d5be4010,0x00000000d5c00000)
  to   space 1024K, 0% used [0x00000000d5a00000,0x00000000d5a00000,0x00000000d5b00000)
 ParOldGen       total 891904K, used 891400K [0x0000000080000000, 0x00000000b6700000, 0x00000000d5580000)
  object space 891904K, 99% used [0x0000000080000000,0x00000000b6682150,0x00000000b6700000)
 Metaspace       used 102715K, committed 104512K, reserved 1179648K
  class space    used 9941K, committed 10816K, reserved 1048576K
}
Event: 256022.414 GC heap after
{Heap after GC invocations=24269 (full 18):
 PSYoungGen      total 5632K, used 800K [0x00000000d5580000, 0x00000000d5d00000, 0x0000000100000000)
  eden space 4608K, 0% used [0x00000000d5580000,0x00000000d5580000,0x00000000d5a00000)
  from space 1024K, 78% used [0x00000000d5a00000,0x00000000d5ac8020,0x00000000d5b00000)
  to   space 1024K, 0% used [0x00000000d5c00000,0x00000000d5c00000,0x00000000d5d00000)
 ParOldGen       total 892416K, used 892204K [0x0000000080000000, 0x00000000b6780000, 0x00000000d5580000)
  object space 892416K, 99% used [0x0000000080000000,0x00000000b674b1b0,0x00000000b6780000)
 Metaspace       used 102715K, committed 104512K, reserved 1179648K
  class space    used 9941K, committed 10816K, reserved 1048576K
}
Event: 256024.518 GC heap before
{Heap before GC invocations=24270 (full 18):
 PSYoungGen      total 5632K, used 5408K [0x00000000d5580000, 0x00000000d5d00000, 0x0000000100000000)
  eden space 4608K, 100% used [0x00000000d5580000,0x00000000d5a00000,0x00000000d5a00000)
  from space 1024K, 78% used [0x00000000d5a00000,0x00000000d5ac8020,0x00000000d5b00000)
  to   space 1024K, 0% used [0x00000000d5c00000,0x00000000d5c00000,0x00000000d5d00000)
 ParOldGen       total 892416K, used 892204K [0x0000000080000000, 0x00000000b6780000, 0x00000000d5580000)
  object space 892416K, 99% used [0x0000000080000000,0x00000000b674b1b0,0x00000000b6780000)
 Metaspace       used 102715K, committed 104512K, reserved 1179648K
  class space    used 9941K, committed 10816K, reserved 1048576K
}
Event: 256024.520 GC heap after
{Heap after GC invocations=24270 (full 18):
 PSYoungGen      total 5120K, used 320K [0x00000000d5580000, 0x00000000d5c80000, 0x0000000100000000)
  eden space 4608K, 0% used [0x00000000d5580000,0x00000000d5580000,0x00000000d5a00000)
  from space 512K, 62% used [0x00000000d5c00000,0x00000000d5c50000,0x00000000d5c80000)
  to   space 512K, 0% used [0x00000000d5b80000,0x00000000d5b80000,0x00000000d5c00000)
 ParOldGen       total 892928K, used 892876K [0x0000000080000000, 0x00000000b6800000, 0x00000000d5580000)
  object space 892928K, 99% used [0x0000000080000000,0x00000000b67f31f0,0x00000000b6800000)
 Metaspace       used 102715K, committed 104512K, reserved 1179648K
  class space    used 9941K, committed 10816K, reserved 1048576K
}

